<?xml version="1.0" encoding="UTF-8"?>
<!-- Generated by org.testng.reporters.JUnitReportReporter -->
<testsuite hostname="mindc1d457" failures="0" tests="1" name="com.runner.LoginPageTest" time="12.602" errors="0" timestamp="2022-05-20T16:05:30 IST" skipped="0">
  <testcase classname="com.runner.LoginPageTest" name="basePageNavigation" time="12.602"/>
  <system-out/>
</testsuite> <!-- com.runner.LoginPageTest -->
