<?xml version="1.0" encoding="UTF-8"?>
<!-- Generated by org.testng.reporters.JUnitReportReporter -->
<testsuite hostname="mindc1d457" failures="0" tests="1" name="testcase.HomePage" time="1.560" errors="0" timestamp="2022-05-17T12:07:43 IST" skipped="0">
  <testcase classname="testcase.HomePage" name="basePageNavigation" time="1.560"/>
  <system-out/>
</testsuite> <!-- testcase.HomePage -->
