<?xml version="1.0" encoding="UTF-8"?>
<!-- Generated by org.testng.reporters.JUnitReportReporter -->
<testsuite hostname="mindc1d457" failures="0" tests="1" name="testcase.WishlistTest" time="4.570" errors="0" timestamp="2022-05-18T00:56:19 IST" skipped="0">
  <testcase classname="testcase.WishlistTest" name="basePageNavigation" time="4.570"/>
  <system-out/>
</testsuite> <!-- testcase.WishlistTest -->
