<?xml version="1.0" encoding="UTF-8"?>
<!-- Generated by org.testng.reporters.JUnitReportReporter -->
<testsuite hostname="mindc1d457" failures="0" tests="1" name="com.runner.OrderPageTest" time="12.871" errors="0" timestamp="2022-05-23T00:22:41 IST" skipped="0">
  <testcase classname="com.runner.OrderPageTest" name="orderpage" time="12.871"/>
  <system-out/>
</testsuite> <!-- com.runner.OrderPageTest -->
