<?xml version="1.0" encoding="UTF-8"?>
<!-- Generated by org.testng.reporters.JUnitReportReporter -->
<testsuite hostname="mindc1d457" failures="0" tests="1" name="com.runner.AboutPageTest" time="4.401" errors="0" timestamp="2022-05-20T16:05:30 IST" skipped="0">
  <testcase classname="com.runner.AboutPageTest" name="basePageNavigation" time="4.401"/>
  <system-out/>
</testsuite> <!-- com.runner.AboutPageTest -->
