<?xml version="1.0" encoding="UTF-8"?>
<!-- Generated by org.testng.reporters.JUnitReportReporter -->
<testsuite hostname="mindc1d457" failures="0" tests="2" name="com.runner.LoginPageTest" time="11.235" errors="0" timestamp="2022-05-23T13:44:42 IST" skipped="0">
  <testcase classname="com.runner.LoginPageTest" name="test1" time="5.909"/>
  <system-out/>
  <testcase classname="com.runner.LoginPageTest" name="test1" time="5.326"/>
  <system-out/>
</testsuite> <!-- com.runner.LoginPageTest -->
