<?xml version="1.0" encoding="UTF-8"?>
<!-- Generated by org.testng.reporters.JUnitReportReporter -->
<testsuite hostname="mindc1d457" failures="0" tests="1" name="testcase.CartcheckTest" time="4.115" errors="0" timestamp="2022-05-18T00:57:50 IST" skipped="0">
  <testcase classname="testcase.CartcheckTest" name="basePageNavigation" time="4.115"/>
  <system-out/>
</testsuite> <!-- testcase.CartcheckTest -->
